#-----------------------------------------------------------
# Vivado v2019.1 (64-bit)
# SW Build 2552052 on Fri May 24 14:49:42 MDT 2019
# IP Build 2548770 on Fri May 24 18:01:18 MDT 2019
# Start of session at: Fri Dec  6 10:06:57 2019
# Process ID: 11920
# Current directory: E:/FinalProject
# Command line: vivado.exe -gui_launcher_event rodinguilauncherevent7504 E:\FinalProject\FinalProject.xpr
# Log file: E:/FinalProject/vivado.log
# Journal file: E:/FinalProject\vivado.jou
#-----------------------------------------------------------
start_gui
open_project E:/FinalProject/FinalProject.xpr
Scanning sources...
Finished scanning sources
INFO: [IP_Flow 19-234] Refreshing IP repositories
INFO: [IP_Flow 19-1704] No user IP repositories specified
INFO: [IP_Flow 19-2313] Loaded Vivado IP repository 'C:/Xilinx/Vivado/2019.1/data/ip'.
open_project: Time (s): cpu = 00:00:19 ; elapsed = 00:00:40 . Memory (MB): peak = 710.863 ; gain = 128.402
update_compile_order -fileset sources_1
open_hw
connect_hw_server
INFO: [Labtools 27-2285] Connecting to hw_server url TCP:localhost:3121
INFO: [Labtools 27-2222] Launching hw_server...
INFO: [Labtools 27-2221] Launch Output:

****** Xilinx hw_server v2019.1
  **** Build date : May 24 2019 at 15:13:31
    ** Copyright 1986-2019 Xilinx, Inc. All Rights Reserved.


connect_hw_server: Time (s): cpu = 00:00:01 ; elapsed = 00:00:07 . Memory (MB): peak = 710.863 ; gain = 0.000
open_hw_target
INFO: [Labtoolstcl 44-466] Opening hw_target localhost:3121/xilinx_tcf/Digilent/210351AB75EBA
open_hw_target: Time (s): cpu = 00:00:04 ; elapsed = 00:00:11 . Memory (MB): peak = 1819.879 ; gain = 1109.016
set_property PROGRAM.FILE {E:/FinalProject/FinalProject.runs/impl_1/Lab5.bit} [get_hw_devices xc7z010_1]
current_hw_device [get_hw_devices xc7z010_1]
refresh_hw_device -update_hw_probes false [lindex [get_hw_devices xc7z010_1] 0]
INFO: [Labtools 27-1434] Device xc7z010 (JTAG device index = 1) is programmed with a design that has no supported debug core(s) in it.
set_property PROBES.FILE {} [get_hw_devices xc7z010_1]
set_property FULL_PROBES.FILE {} [get_hw_devices xc7z010_1]
set_property PROGRAM.FILE {E:/FinalProject/FinalProject.runs/impl_1/Lab5.bit} [get_hw_devices xc7z010_1]
program_hw_devices [get_hw_devices xc7z010_1]
INFO: [Labtools 27-3164] End of startup status: HIGH
refresh_hw_device [lindex [get_hw_devices xc7z010_1] 0]
INFO: [Labtools 27-1434] Device xc7z010 (JTAG device index = 1) is programmed with a design that has no supported debug core(s) in it.
reset_run synth_1
WARNING: [Vivado 12-1017] Problems encountered:
1. Failed to delete one or more files in run directory E:/FinalProject/FinalProject.runs/synth_1

launch_runs impl_1 -to_step write_bitstream -jobs 4
[Fri Dec  6 10:15:06 2019] Launched synth_1...
Run output will be captured here: E:/FinalProject/FinalProject.runs/synth_1/runme.log
[Fri Dec  6 10:15:06 2019] Launched impl_1...
Run output will be captured here: E:/FinalProject/FinalProject.runs/impl_1/runme.log
set_property PROBES.FILE {} [get_hw_devices xc7z010_1]
set_property FULL_PROBES.FILE {} [get_hw_devices xc7z010_1]
set_property PROGRAM.FILE {E:/FinalProject/FinalProject.runs/impl_1/Lab5.bit} [get_hw_devices xc7z010_1]
program_hw_devices [get_hw_devices xc7z010_1]
INFO: [Labtools 27-3164] End of startup status: HIGH
refresh_hw_device [lindex [get_hw_devices xc7z010_1] 0]
INFO: [Labtools 27-1434] Device xc7z010 (JTAG device index = 1) is programmed with a design that has no supported debug core(s) in it.
reset_run synth_1
WARNING: [Vivado 12-1017] Problems encountered:
1. Failed to delete one or more files in run directory E:/FinalProject/FinalProject.runs/synth_1

launch_runs impl_1 -to_step write_bitstream -jobs 4
[Fri Dec  6 10:31:48 2019] Launched synth_1...
Run output will be captured here: E:/FinalProject/FinalProject.runs/synth_1/runme.log
[Fri Dec  6 10:31:48 2019] Launched impl_1...
Run output will be captured here: E:/FinalProject/FinalProject.runs/impl_1/runme.log
set_property PROBES.FILE {} [get_hw_devices xc7z010_1]
set_property FULL_PROBES.FILE {} [get_hw_devices xc7z010_1]
set_property PROGRAM.FILE {E:/FinalProject/FinalProject.runs/impl_1/Lab5.bit} [get_hw_devices xc7z010_1]
program_hw_devices [get_hw_devices xc7z010_1]
INFO: [Labtools 27-3164] End of startup status: HIGH
refresh_hw_device [lindex [get_hw_devices xc7z010_1] 0]
INFO: [Labtools 27-1434] Device xc7z010 (JTAG device index = 1) is programmed with a design that has no supported debug core(s) in it.
reset_run synth_1
WARNING: [Vivado 12-1017] Problems encountered:
1. Failed to delete one or more files in run directory E:/FinalProject/FinalProject.runs/synth_1

launch_runs impl_1 -to_step write_bitstream -jobs 4
[Fri Dec  6 10:41:28 2019] Launched synth_1...
Run output will be captured here: E:/FinalProject/FinalProject.runs/synth_1/runme.log
[Fri Dec  6 10:41:28 2019] Launched impl_1...
Run output will be captured here: E:/FinalProject/FinalProject.runs/impl_1/runme.log
set_property PROBES.FILE {} [get_hw_devices xc7z010_1]
set_property FULL_PROBES.FILE {} [get_hw_devices xc7z010_1]
set_property PROGRAM.FILE {E:/FinalProject/FinalProject.runs/impl_1/Lab5.bit} [get_hw_devices xc7z010_1]
program_hw_devices [get_hw_devices xc7z010_1]
INFO: [Labtools 27-3164] End of startup status: HIGH
refresh_hw_device [lindex [get_hw_devices xc7z010_1] 0]
INFO: [Labtools 27-1434] Device xc7z010 (JTAG device index = 1) is programmed with a design that has no supported debug core(s) in it.
reset_run synth_1
WARNING: [Vivado 12-1017] Problems encountered:
1. Failed to delete one or more files in run directory E:/FinalProject/FinalProject.runs/synth_1

launch_runs impl_1 -to_step write_bitstream -jobs 4
[Fri Dec  6 10:56:40 2019] Launched synth_1...
Run output will be captured here: E:/FinalProject/FinalProject.runs/synth_1/runme.log
[Fri Dec  6 10:56:40 2019] Launched impl_1...
Run output will be captured here: E:/FinalProject/FinalProject.runs/impl_1/runme.log
set_property PROBES.FILE {} [get_hw_devices xc7z010_1]
set_property FULL_PROBES.FILE {} [get_hw_devices xc7z010_1]
set_property PROGRAM.FILE {E:/FinalProject/FinalProject.runs/impl_1/Lab5.bit} [get_hw_devices xc7z010_1]
program_hw_devices [get_hw_devices xc7z010_1]
INFO: [Labtools 27-3164] End of startup status: HIGH
refresh_hw_device [lindex [get_hw_devices xc7z010_1] 0]
INFO: [Labtools 27-1434] Device xc7z010 (JTAG device index = 1) is programmed with a design that has no supported debug core(s) in it.
reset_run synth_1
WARNING: [Vivado 12-1017] Problems encountered:
1. Failed to delete one or more files in run directory E:/FinalProject/FinalProject.runs/synth_1

launch_runs impl_1 -to_step write_bitstream -jobs 4
[Fri Dec  6 11:04:41 2019] Launched synth_1...
Run output will be captured here: E:/FinalProject/FinalProject.runs/synth_1/runme.log
[Fri Dec  6 11:04:41 2019] Launched impl_1...
Run output will be captured here: E:/FinalProject/FinalProject.runs/impl_1/runme.log
set_property PROBES.FILE {} [get_hw_devices xc7z010_1]
set_property FULL_PROBES.FILE {} [get_hw_devices xc7z010_1]
set_property PROGRAM.FILE {E:/FinalProject/FinalProject.runs/impl_1/Lab5.bit} [get_hw_devices xc7z010_1]
program_hw_devices [get_hw_devices xc7z010_1]
INFO: [Labtools 27-3164] End of startup status: HIGH
refresh_hw_device [lindex [get_hw_devices xc7z010_1] 0]
INFO: [Labtools 27-1434] Device xc7z010 (JTAG device index = 1) is programmed with a design that has no supported debug core(s) in it.
reset_run synth_1
WARNING: [Vivado 12-1017] Problems encountered:
1. Failed to delete one or more files in run directory E:/FinalProject/FinalProject.runs/synth_1

launch_runs impl_1 -to_step write_bitstream -jobs 4
[Fri Dec  6 11:19:43 2019] Launched synth_1...
Run output will be captured here: E:/FinalProject/FinalProject.runs/synth_1/runme.log
[Fri Dec  6 11:19:43 2019] Launched impl_1...
Run output will be captured here: E:/FinalProject/FinalProject.runs/impl_1/runme.log
set_property PROBES.FILE {} [get_hw_devices xc7z010_1]
set_property FULL_PROBES.FILE {} [get_hw_devices xc7z010_1]
set_property PROGRAM.FILE {E:/FinalProject/FinalProject.runs/impl_1/Lab5.bit} [get_hw_devices xc7z010_1]
program_hw_devices [get_hw_devices xc7z010_1]
INFO: [Labtools 27-3164] End of startup status: HIGH
refresh_hw_device [lindex [get_hw_devices xc7z010_1] 0]
INFO: [Labtools 27-1434] Device xc7z010 (JTAG device index = 1) is programmed with a design that has no supported debug core(s) in it.
reset_run synth_1
WARNING: [Vivado 12-1017] Problems encountered:
1. Failed to delete one or more files in run directory E:/FinalProject/FinalProject.runs/synth_1

launch_runs impl_1 -to_step write_bitstream -jobs 4
[Fri Dec  6 11:24:16 2019] Launched synth_1...
Run output will be captured here: E:/FinalProject/FinalProject.runs/synth_1/runme.log
[Fri Dec  6 11:24:16 2019] Launched impl_1...
Run output will be captured here: E:/FinalProject/FinalProject.runs/impl_1/runme.log
set_property PROBES.FILE {} [get_hw_devices xc7z010_1]
set_property FULL_PROBES.FILE {} [get_hw_devices xc7z010_1]
set_property PROGRAM.FILE {E:/FinalProject/FinalProject.runs/impl_1/Lab5.bit} [get_hw_devices xc7z010_1]
program_hw_devices [get_hw_devices xc7z010_1]
INFO: [Labtools 27-3164] End of startup status: HIGH
refresh_hw_device [lindex [get_hw_devices xc7z010_1] 0]
INFO: [Labtools 27-1434] Device xc7z010 (JTAG device index = 1) is programmed with a design that has no supported debug core(s) in it.
reset_run synth_1
WARNING: [Vivado 12-1017] Problems encountered:
1. Failed to delete one or more files in run directory E:/FinalProject/FinalProject.runs/synth_1

launch_runs impl_1 -to_step write_bitstream -jobs 4
[Fri Dec  6 11:29:35 2019] Launched synth_1...
Run output will be captured here: E:/FinalProject/FinalProject.runs/synth_1/runme.log
[Fri Dec  6 11:29:35 2019] Launched impl_1...
Run output will be captured here: E:/FinalProject/FinalProject.runs/impl_1/runme.log
set_property PROBES.FILE {} [get_hw_devices xc7z010_1]
set_property FULL_PROBES.FILE {} [get_hw_devices xc7z010_1]
set_property PROGRAM.FILE {E:/FinalProject/FinalProject.runs/impl_1/Lab5.bit} [get_hw_devices xc7z010_1]
program_hw_devices [get_hw_devices xc7z010_1]
INFO: [Labtools 27-3164] End of startup status: HIGH
refresh_hw_device [lindex [get_hw_devices xc7z010_1] 0]
INFO: [Labtools 27-1434] Device xc7z010 (JTAG device index = 1) is programmed with a design that has no supported debug core(s) in it.
reset_run synth_1
WARNING: [Vivado 12-1017] Problems encountered:
1. Failed to delete one or more files in run directory E:/FinalProject/FinalProject.runs/synth_1

launch_runs impl_1 -to_step write_bitstream -jobs 4
[Fri Dec  6 11:34:35 2019] Launched synth_1...
Run output will be captured here: E:/FinalProject/FinalProject.runs/synth_1/runme.log
[Fri Dec  6 11:34:35 2019] Launched impl_1...
Run output will be captured here: E:/FinalProject/FinalProject.runs/impl_1/runme.log
set_property PROBES.FILE {} [get_hw_devices xc7z010_1]
set_property FULL_PROBES.FILE {} [get_hw_devices xc7z010_1]
set_property PROGRAM.FILE {E:/FinalProject/FinalProject.runs/impl_1/Lab5.bit} [get_hw_devices xc7z010_1]
program_hw_devices [get_hw_devices xc7z010_1]
INFO: [Labtools 27-3164] End of startup status: HIGH
refresh_hw_device [lindex [get_hw_devices xc7z010_1] 0]
INFO: [Labtools 27-1434] Device xc7z010 (JTAG device index = 1) is programmed with a design that has no supported debug core(s) in it.
reset_run synth_1
WARNING: [Vivado 12-1017] Problems encountered:
1. Failed to delete one or more files in run directory E:/FinalProject/FinalProject.runs/synth_1

launch_runs impl_1 -to_step write_bitstream -jobs 4
[Fri Dec  6 11:44:10 2019] Launched synth_1...
Run output will be captured here: E:/FinalProject/FinalProject.runs/synth_1/runme.log
[Fri Dec  6 11:44:10 2019] Launched impl_1...
Run output will be captured here: E:/FinalProject/FinalProject.runs/impl_1/runme.log
set_property PROBES.FILE {} [get_hw_devices xc7z010_1]
set_property FULL_PROBES.FILE {} [get_hw_devices xc7z010_1]
set_property PROGRAM.FILE {E:/FinalProject/FinalProject.runs/impl_1/Lab5.bit} [get_hw_devices xc7z010_1]
program_hw_devices [get_hw_devices xc7z010_1]
INFO: [Labtools 27-3164] End of startup status: HIGH
refresh_hw_device [lindex [get_hw_devices xc7z010_1] 0]
INFO: [Labtools 27-1434] Device xc7z010 (JTAG device index = 1) is programmed with a design that has no supported debug core(s) in it.
reset_run synth_1
WARNING: [Vivado 12-1017] Problems encountered:
1. Failed to delete one or more files in run directory E:/FinalProject/FinalProject.runs/synth_1

launch_runs impl_1 -to_step write_bitstream -jobs 4
[Fri Dec  6 11:50:23 2019] Launched synth_1...
Run output will be captured here: E:/FinalProject/FinalProject.runs/synth_1/runme.log
[Fri Dec  6 11:50:23 2019] Launched impl_1...
Run output will be captured here: E:/FinalProject/FinalProject.runs/impl_1/runme.log
set_property PROBES.FILE {} [get_hw_devices xc7z010_1]
set_property FULL_PROBES.FILE {} [get_hw_devices xc7z010_1]
set_property PROGRAM.FILE {E:/FinalProject/FinalProject.runs/impl_1/Lab5.bit} [get_hw_devices xc7z010_1]
program_hw_devices [get_hw_devices xc7z010_1]
INFO: [Labtools 27-3164] End of startup status: HIGH
refresh_hw_device [lindex [get_hw_devices xc7z010_1] 0]
INFO: [Labtools 27-1434] Device xc7z010 (JTAG device index = 1) is programmed with a design that has no supported debug core(s) in it.
reset_run synth_1
WARNING: [Vivado 12-1017] Problems encountered:
1. Failed to delete one or more files in run directory E:/FinalProject/FinalProject.runs/synth_1

launch_runs impl_1 -to_step write_bitstream -jobs 4
[Fri Dec  6 12:00:18 2019] Launched synth_1...
Run output will be captured here: E:/FinalProject/FinalProject.runs/synth_1/runme.log
[Fri Dec  6 12:00:18 2019] Launched impl_1...
Run output will be captured here: E:/FinalProject/FinalProject.runs/impl_1/runme.log
set_property PROBES.FILE {} [get_hw_devices xc7z010_1]
set_property FULL_PROBES.FILE {} [get_hw_devices xc7z010_1]
set_property PROGRAM.FILE {E:/FinalProject/FinalProject.runs/impl_1/Lab5.bit} [get_hw_devices xc7z010_1]
program_hw_devices [get_hw_devices xc7z010_1]
INFO: [Labtools 27-3164] End of startup status: HIGH
refresh_hw_device [lindex [get_hw_devices xc7z010_1] 0]
INFO: [Labtools 27-1434] Device xc7z010 (JTAG device index = 1) is programmed with a design that has no supported debug core(s) in it.
reset_run synth_1
WARNING: [Vivado 12-1017] Problems encountered:
1. Failed to delete one or more files in run directory E:/FinalProject/FinalProject.runs/synth_1

launch_runs impl_1 -to_step write_bitstream -jobs 4
[Fri Dec  6 12:07:46 2019] Launched synth_1...
Run output will be captured here: E:/FinalProject/FinalProject.runs/synth_1/runme.log
[Fri Dec  6 12:07:46 2019] Launched impl_1...
Run output will be captured here: E:/FinalProject/FinalProject.runs/impl_1/runme.log
reset_run synth_1
WARNING: [Vivado 12-1017] Problems encountered:
1. Failed to delete one or more files in run directory E:/FinalProject/FinalProject.runs/synth_1

launch_runs impl_1 -to_step write_bitstream -jobs 4
[Fri Dec  6 12:10:51 2019] Launched synth_1...
Run output will be captured here: E:/FinalProject/FinalProject.runs/synth_1/runme.log
[Fri Dec  6 12:10:51 2019] Launched impl_1...
Run output will be captured here: E:/FinalProject/FinalProject.runs/impl_1/runme.log
set_property PROBES.FILE {} [get_hw_devices xc7z010_1]
set_property FULL_PROBES.FILE {} [get_hw_devices xc7z010_1]
set_property PROGRAM.FILE {E:/FinalProject/FinalProject.runs/impl_1/Lab5.bit} [get_hw_devices xc7z010_1]
program_hw_devices [get_hw_devices xc7z010_1]
INFO: [Labtools 27-3164] End of startup status: HIGH
refresh_hw_device [lindex [get_hw_devices xc7z010_1] 0]
INFO: [Labtools 27-1434] Device xc7z010 (JTAG device index = 1) is programmed with a design that has no supported debug core(s) in it.
reset_run synth_1
WARNING: [Vivado 12-1017] Problems encountered:
1. Failed to delete one or more files in run directory E:/FinalProject/FinalProject.runs/synth_1

launch_runs impl_1 -to_step write_bitstream -jobs 4
[Fri Dec  6 12:21:15 2019] Launched synth_1...
Run output will be captured here: E:/FinalProject/FinalProject.runs/synth_1/runme.log
[Fri Dec  6 12:21:15 2019] Launched impl_1...
Run output will be captured here: E:/FinalProject/FinalProject.runs/impl_1/runme.log
set_property PROBES.FILE {} [get_hw_devices xc7z010_1]
set_property FULL_PROBES.FILE {} [get_hw_devices xc7z010_1]
set_property PROGRAM.FILE {E:/FinalProject/FinalProject.runs/impl_1/Lab5.bit} [get_hw_devices xc7z010_1]
program_hw_devices [get_hw_devices xc7z010_1]
INFO: [Labtools 27-3164] End of startup status: HIGH
refresh_hw_device [lindex [get_hw_devices xc7z010_1] 0]
INFO: [Labtools 27-1434] Device xc7z010 (JTAG device index = 1) is programmed with a design that has no supported debug core(s) in it.
exit
INFO: [Common 17-206] Exiting Vivado at Fri Dec  6 12:26:27 2019...
