#-----------------------------------------------------------
# Vivado v2019.1 (64-bit)
# SW Build 2552052 on Fri May 24 14:49:42 MDT 2019
# IP Build 2548770 on Fri May 24 18:01:18 MDT 2019
# Start of session at: Wed Dec  4 00:01:49 2019
# Process ID: 11004
# Current directory: E:/FinalProject
# Command line: vivado.exe -gui_launcher_event rodinguilauncherevent13624 E:\FinalProject\FinalProject.xpr
# Log file: E:/FinalProject/vivado.log
# Journal file: E:/FinalProject\vivado.jou
#-----------------------------------------------------------
start_gui
open_project E:/FinalProject/FinalProject.xpr
Scanning sources...
Finished scanning sources
INFO: [IP_Flow 19-234] Refreshing IP repositories
INFO: [IP_Flow 19-1704] No user IP repositories specified
INFO: [IP_Flow 19-2313] Loaded Vivado IP repository 'C:/Xilinx/Vivado/2019.1/data/ip'.
open_project: Time (s): cpu = 00:00:11 ; elapsed = 00:00:09 . Memory (MB): peak = 674.148 ; gain = 82.230
update_compile_order -fileset sources_1
exit
INFO: [Common 17-206] Exiting Vivado at Wed Dec  4 00:02:55 2019...
